<?xml version="1.0" encoding="UTF-8"?>
<!-- edited with XML Spy v4.3 U (http://www.xmlspy.com) by Salvatore R Mangano (Man Machine Interfaces) -->
<text>the dog ate the cat over there. then he burbed, I think. therfore, if you are a cat don't sleep you hathe better
	heed this warning. "the",the;'the'(the)[the] are all subject to whole word replace.
</text>
